Determining if the Q_WS_WIN exist failed with the following output:
Change Dir: /home/elgabart/cloned/spindynamics/CMakeFiles/CMakeTmp

Run Build Command:/usr/bin/make "cmTryCompileExec/fast"
/usr/bin/make -f CMakeFiles/cmTryCompileExec.dir/build.make CMakeFiles/cmTryCompileExec.dir/build
make[1]: Entering directory `/home/elgabart/cloned/spindynamics/CMakeFiles/CMakeTmp'
/usr/bin/cmake -E cmake_progress_report /home/elgabart/cloned/spindynamics/CMakeFiles/CMakeTmp/CMakeFiles 1
Building C object CMakeFiles/cmTryCompileExec.dir/CheckSymbolExists.c.o
/usr/bin/gcc   -I/usr/include/qt4   -o CMakeFiles/cmTryCompileExec.dir/CheckSymbolExists.c.o   -c /home/elgabart/cloned/spindynamics/CMakeFiles/CMakeTmp/CheckSymbolExists.c
/home/elgabart/cloned/spindynamics/CMakeFiles/CMakeTmp/CheckSymbolExists.c: In function ‘main’:
/home/elgabart/cloned/spindynamics/CMakeFiles/CMakeTmp/CheckSymbolExists.c:8: error: ‘Q_WS_WIN’ undeclared (first use in this function)
/home/elgabart/cloned/spindynamics/CMakeFiles/CMakeTmp/CheckSymbolExists.c:8: error: (Each undeclared identifier is reported only once
/home/elgabart/cloned/spindynamics/CMakeFiles/CMakeTmp/CheckSymbolExists.c:8: error: for each function it appears in.)
make[1]: *** [CMakeFiles/cmTryCompileExec.dir/CheckSymbolExists.c.o] Error 1
make[1]: Leaving directory `/home/elgabart/cloned/spindynamics/CMakeFiles/CMakeTmp'
make: *** [cmTryCompileExec/fast] Error 2

File /home/elgabart/cloned/spindynamics/CMakeFiles/CMakeTmp/CheckSymbolExists.c:
/* */
#include <QtCore/qglobal.h>

void cmakeRequireSymbol(int dummy,...){(void)dummy;}
int main()
{
#ifndef Q_WS_WIN
  cmakeRequireSymbol(0,&Q_WS_WIN);
#endif
  return 0;
}

Determining if the Q_WS_QWS exist failed with the following output:
Change Dir: /home/elgabart/cloned/spindynamics/CMakeFiles/CMakeTmp

Run Build Command:/usr/bin/make "cmTryCompileExec/fast"
/usr/bin/make -f CMakeFiles/cmTryCompileExec.dir/build.make CMakeFiles/cmTryCompileExec.dir/build
make[1]: Entering directory `/home/elgabart/cloned/spindynamics/CMakeFiles/CMakeTmp'
/usr/bin/cmake -E cmake_progress_report /home/elgabart/cloned/spindynamics/CMakeFiles/CMakeTmp/CMakeFiles 1
Building C object CMakeFiles/cmTryCompileExec.dir/CheckSymbolExists.c.o
/usr/bin/gcc   -I/usr/include/qt4   -o CMakeFiles/cmTryCompileExec.dir/CheckSymbolExists.c.o   -c /home/elgabart/cloned/spindynamics/CMakeFiles/CMakeTmp/CheckSymbolExists.c
/home/elgabart/cloned/spindynamics/CMakeFiles/CMakeTmp/CheckSymbolExists.c: In function ‘main’:
/home/elgabart/cloned/spindynamics/CMakeFiles/CMakeTmp/CheckSymbolExists.c:8: error: ‘Q_WS_QWS’ undeclared (first use in this function)
/home/elgabart/cloned/spindynamics/CMakeFiles/CMakeTmp/CheckSymbolExists.c:8: error: (Each undeclared identifier is reported only once
/home/elgabart/cloned/spindynamics/CMakeFiles/CMakeTmp/CheckSymbolExists.c:8: error: for each function it appears in.)
make[1]: *** [CMakeFiles/cmTryCompileExec.dir/CheckSymbolExists.c.o] Error 1
make[1]: Leaving directory `/home/elgabart/cloned/spindynamics/CMakeFiles/CMakeTmp'
make: *** [cmTryCompileExec/fast] Error 2

File /home/elgabart/cloned/spindynamics/CMakeFiles/CMakeTmp/CheckSymbolExists.c:
/* */
#include <QtCore/qglobal.h>

void cmakeRequireSymbol(int dummy,...){(void)dummy;}
int main()
{
#ifndef Q_WS_QWS
  cmakeRequireSymbol(0,&Q_WS_QWS);
#endif
  return 0;
}

Determining if the Q_WS_MAC exist failed with the following output:
Change Dir: /home/elgabart/cloned/spindynamics/CMakeFiles/CMakeTmp

Run Build Command:/usr/bin/make "cmTryCompileExec/fast"
/usr/bin/make -f CMakeFiles/cmTryCompileExec.dir/build.make CMakeFiles/cmTryCompileExec.dir/build
make[1]: Entering directory `/home/elgabart/cloned/spindynamics/CMakeFiles/CMakeTmp'
/usr/bin/cmake -E cmake_progress_report /home/elgabart/cloned/spindynamics/CMakeFiles/CMakeTmp/CMakeFiles 1
Building C object CMakeFiles/cmTryCompileExec.dir/CheckSymbolExists.c.o
/usr/bin/gcc   -I/usr/include/qt4   -o CMakeFiles/cmTryCompileExec.dir/CheckSymbolExists.c.o   -c /home/elgabart/cloned/spindynamics/CMakeFiles/CMakeTmp/CheckSymbolExists.c
/home/elgabart/cloned/spindynamics/CMakeFiles/CMakeTmp/CheckSymbolExists.c: In function ‘main’:
/home/elgabart/cloned/spindynamics/CMakeFiles/CMakeTmp/CheckSymbolExists.c:8: error: ‘Q_WS_MAC’ undeclared (first use in this function)
/home/elgabart/cloned/spindynamics/CMakeFiles/CMakeTmp/CheckSymbolExists.c:8: error: (Each undeclared identifier is reported only once
/home/elgabart/cloned/spindynamics/CMakeFiles/CMakeTmp/CheckSymbolExists.c:8: error: for each function it appears in.)
make[1]: *** [CMakeFiles/cmTryCompileExec.dir/CheckSymbolExists.c.o] Error 1
make[1]: Leaving directory `/home/elgabart/cloned/spindynamics/CMakeFiles/CMakeTmp'
make: *** [cmTryCompileExec/fast] Error 2

File /home/elgabart/cloned/spindynamics/CMakeFiles/CMakeTmp/CheckSymbolExists.c:
/* */
#include <QtCore/qglobal.h>

void cmakeRequireSymbol(int dummy,...){(void)dummy;}
int main()
{
#ifndef Q_WS_MAC
  cmakeRequireSymbol(0,&Q_WS_MAC);
#endif
  return 0;
}

Performing C SOURCE FILE Test check_c_compiler_flag_-march_penryn failed with the following output:
Change Dir: /home/elgabart/cloned/spindynamics/CMakeFiles/CMakeTmp

Run Build Command:/usr/bin/make "cmTryCompileExec/fast"
/usr/bin/make -f CMakeFiles/cmTryCompileExec.dir/build.make CMakeFiles/cmTryCompileExec.dir/build
make[1]: Entering directory `/home/elgabart/cloned/spindynamics/CMakeFiles/CMakeTmp'
/usr/bin/cmake -E cmake_progress_report /home/elgabart/cloned/spindynamics/CMakeFiles/CMakeTmp/CMakeFiles 1
Building C object CMakeFiles/cmTryCompileExec.dir/src.c.o
/usr/bin/gcc   -Dcheck_c_compiler_flag_-march_penryn   -march=penryn -o CMakeFiles/cmTryCompileExec.dir/src.c.o   -c /home/elgabart/cloned/spindynamics/CMakeFiles/CMakeTmp/src.c
/home/elgabart/cloned/spindynamics/CMakeFiles/CMakeTmp/src.c:1: error: bad value (penryn) for -march= switch
/home/elgabart/cloned/spindynamics/CMakeFiles/CMakeTmp/src.c:1: error: bad value (penryn) for -mtune= switch
make[1]: *** [CMakeFiles/cmTryCompileExec.dir/src.c.o] Error 1
make[1]: Leaving directory `/home/elgabart/cloned/spindynamics/CMakeFiles/CMakeTmp'
make: *** [cmTryCompileExec/fast] Error 2

Source file was:
int main() { return 0;}
Performing C++ SOURCE FILE Test check_cxx_compiler_flag_-march_penryn failed with the following output:
Change Dir: /home/elgabart/cloned/spindynamics/CMakeFiles/CMakeTmp

Run Build Command:/usr/bin/make "cmTryCompileExec/fast"
/usr/bin/make -f CMakeFiles/cmTryCompileExec.dir/build.make CMakeFiles/cmTryCompileExec.dir/build
make[1]: Entering directory `/home/elgabart/cloned/spindynamics/CMakeFiles/CMakeTmp'
/usr/bin/cmake -E cmake_progress_report /home/elgabart/cloned/spindynamics/CMakeFiles/CMakeTmp/CMakeFiles 1
Building CXX object CMakeFiles/cmTryCompileExec.dir/src.cxx.o
/usr/bin/c++    -Wall -O2 -DEIGEN_NO_DEBUG  -Dcheck_cxx_compiler_flag_-march_penryn   -march=penryn -o CMakeFiles/cmTryCompileExec.dir/src.cxx.o -c /home/elgabart/cloned/spindynamics/CMakeFiles/CMakeTmp/src.cxx
/home/elgabart/cloned/spindynamics/CMakeFiles/CMakeTmp/src.cxx:1: error: bad value (penryn) for -march= switch
/home/elgabart/cloned/spindynamics/CMakeFiles/CMakeTmp/src.cxx:1: error: bad value (penryn) for -mtune= switch
make[1]: *** [CMakeFiles/cmTryCompileExec.dir/src.cxx.o] Error 1
make[1]: Leaving directory `/home/elgabart/cloned/spindynamics/CMakeFiles/CMakeTmp'
make: *** [cmTryCompileExec/fast] Error 2

Source file was:
int main() { return 0;}
Determining if the Q_WS_WIN exist failed with the following output:
Change Dir: /home/elgabart/cloned/spindynamics/CMakeFiles/CMakeTmp

Run Build Command:/usr/bin/make "cmTryCompileExec/fast"
/usr/bin/make -f CMakeFiles/cmTryCompileExec.dir/build.make CMakeFiles/cmTryCompileExec.dir/build
make[1]: Entering directory `/home/elgabart/cloned/spindynamics/CMakeFiles/CMakeTmp'
/usr/bin/cmake -E cmake_progress_report /home/elgabart/cloned/spindynamics/CMakeFiles/CMakeTmp/CMakeFiles 1
Building C object CMakeFiles/cmTryCompileExec.dir/CheckSymbolExists.c.o
/usr/bin/gcc   -I/usr/include/qt4   -o CMakeFiles/cmTryCompileExec.dir/CheckSymbolExists.c.o   -c /home/elgabart/cloned/spindynamics/CMakeFiles/CMakeTmp/CheckSymbolExists.c
/home/elgabart/cloned/spindynamics/CMakeFiles/CMakeTmp/CheckSymbolExists.c: In function ‘main’:
/home/elgabart/cloned/spindynamics/CMakeFiles/CMakeTmp/CheckSymbolExists.c:8: error: ‘Q_WS_WIN’ undeclared (first use in this function)
/home/elgabart/cloned/spindynamics/CMakeFiles/CMakeTmp/CheckSymbolExists.c:8: error: (Each undeclared identifier is reported only once
/home/elgabart/cloned/spindynamics/CMakeFiles/CMakeTmp/CheckSymbolExists.c:8: error: for each function it appears in.)
make[1]: *** [CMakeFiles/cmTryCompileExec.dir/CheckSymbolExists.c.o] Error 1
make[1]: Leaving directory `/home/elgabart/cloned/spindynamics/CMakeFiles/CMakeTmp'
make: *** [cmTryCompileExec/fast] Error 2

File /home/elgabart/cloned/spindynamics/CMakeFiles/CMakeTmp/CheckSymbolExists.c:
/* */
#include <QtCore/qglobal.h>

void cmakeRequireSymbol(int dummy,...){(void)dummy;}
int main()
{
#ifndef Q_WS_WIN
  cmakeRequireSymbol(0,&Q_WS_WIN);
#endif
  return 0;
}

Determining if the Q_WS_QWS exist failed with the following output:
Change Dir: /home/elgabart/cloned/spindynamics/CMakeFiles/CMakeTmp

Run Build Command:/usr/bin/make "cmTryCompileExec/fast"
/usr/bin/make -f CMakeFiles/cmTryCompileExec.dir/build.make CMakeFiles/cmTryCompileExec.dir/build
make[1]: Entering directory `/home/elgabart/cloned/spindynamics/CMakeFiles/CMakeTmp'
/usr/bin/cmake -E cmake_progress_report /home/elgabart/cloned/spindynamics/CMakeFiles/CMakeTmp/CMakeFiles 1
Building C object CMakeFiles/cmTryCompileExec.dir/CheckSymbolExists.c.o
/usr/bin/gcc   -I/usr/include/qt4   -o CMakeFiles/cmTryCompileExec.dir/CheckSymbolExists.c.o   -c /home/elgabart/cloned/spindynamics/CMakeFiles/CMakeTmp/CheckSymbolExists.c
/home/elgabart/cloned/spindynamics/CMakeFiles/CMakeTmp/CheckSymbolExists.c: In function ‘main’:
/home/elgabart/cloned/spindynamics/CMakeFiles/CMakeTmp/CheckSymbolExists.c:8: error: ‘Q_WS_QWS’ undeclared (first use in this function)
/home/elgabart/cloned/spindynamics/CMakeFiles/CMakeTmp/CheckSymbolExists.c:8: error: (Each undeclared identifier is reported only once
/home/elgabart/cloned/spindynamics/CMakeFiles/CMakeTmp/CheckSymbolExists.c:8: error: for each function it appears in.)
make[1]: *** [CMakeFiles/cmTryCompileExec.dir/CheckSymbolExists.c.o] Error 1
make[1]: Leaving directory `/home/elgabart/cloned/spindynamics/CMakeFiles/CMakeTmp'
make: *** [cmTryCompileExec/fast] Error 2

File /home/elgabart/cloned/spindynamics/CMakeFiles/CMakeTmp/CheckSymbolExists.c:
/* */
#include <QtCore/qglobal.h>

void cmakeRequireSymbol(int dummy,...){(void)dummy;}
int main()
{
#ifndef Q_WS_QWS
  cmakeRequireSymbol(0,&Q_WS_QWS);
#endif
  return 0;
}

Determining if the Q_WS_MAC exist failed with the following output:
Change Dir: /home/elgabart/cloned/spindynamics/CMakeFiles/CMakeTmp

Run Build Command:/usr/bin/make "cmTryCompileExec/fast"
/usr/bin/make -f CMakeFiles/cmTryCompileExec.dir/build.make CMakeFiles/cmTryCompileExec.dir/build
make[1]: Entering directory `/home/elgabart/cloned/spindynamics/CMakeFiles/CMakeTmp'
/usr/bin/cmake -E cmake_progress_report /home/elgabart/cloned/spindynamics/CMakeFiles/CMakeTmp/CMakeFiles 1
Building C object CMakeFiles/cmTryCompileExec.dir/CheckSymbolExists.c.o
/usr/bin/gcc   -I/usr/include/qt4   -o CMakeFiles/cmTryCompileExec.dir/CheckSymbolExists.c.o   -c /home/elgabart/cloned/spindynamics/CMakeFiles/CMakeTmp/CheckSymbolExists.c
/home/elgabart/cloned/spindynamics/CMakeFiles/CMakeTmp/CheckSymbolExists.c: In function ‘main’:
/home/elgabart/cloned/spindynamics/CMakeFiles/CMakeTmp/CheckSymbolExists.c:8: error: ‘Q_WS_MAC’ undeclared (first use in this function)
/home/elgabart/cloned/spindynamics/CMakeFiles/CMakeTmp/CheckSymbolExists.c:8: error: (Each undeclared identifier is reported only once
/home/elgabart/cloned/spindynamics/CMakeFiles/CMakeTmp/CheckSymbolExists.c:8: error: for each function it appears in.)
make[1]: *** [CMakeFiles/cmTryCompileExec.dir/CheckSymbolExists.c.o] Error 1
make[1]: Leaving directory `/home/elgabart/cloned/spindynamics/CMakeFiles/CMakeTmp'
make: *** [cmTryCompileExec/fast] Error 2

File /home/elgabart/cloned/spindynamics/CMakeFiles/CMakeTmp/CheckSymbolExists.c:
/* */
#include <QtCore/qglobal.h>

void cmakeRequireSymbol(int dummy,...){(void)dummy;}
int main()
{
#ifndef Q_WS_MAC
  cmakeRequireSymbol(0,&Q_WS_MAC);
#endif
  return 0;
}

Performing C SOURCE FILE Test check_c_compiler_flag_-march_penryn failed with the following output:
Change Dir: /home/elgabart/cloned/spindynamics/CMakeFiles/CMakeTmp

Run Build Command:/usr/bin/make "cmTryCompileExec/fast"
/usr/bin/make -f CMakeFiles/cmTryCompileExec.dir/build.make CMakeFiles/cmTryCompileExec.dir/build
make[1]: Entering directory `/home/elgabart/cloned/spindynamics/CMakeFiles/CMakeTmp'
/usr/bin/cmake -E cmake_progress_report /home/elgabart/cloned/spindynamics/CMakeFiles/CMakeTmp/CMakeFiles 1
Building C object CMakeFiles/cmTryCompileExec.dir/src.c.o
/usr/bin/gcc   -Dcheck_c_compiler_flag_-march_penryn   -march=penryn -o CMakeFiles/cmTryCompileExec.dir/src.c.o   -c /home/elgabart/cloned/spindynamics/CMakeFiles/CMakeTmp/src.c
/home/elgabart/cloned/spindynamics/CMakeFiles/CMakeTmp/src.c:1: error: bad value (penryn) for -march= switch
/home/elgabart/cloned/spindynamics/CMakeFiles/CMakeTmp/src.c:1: error: bad value (penryn) for -mtune= switch
make[1]: *** [CMakeFiles/cmTryCompileExec.dir/src.c.o] Error 1
make[1]: Leaving directory `/home/elgabart/cloned/spindynamics/CMakeFiles/CMakeTmp'
make: *** [cmTryCompileExec/fast] Error 2

Source file was:
int main() { return 0;}
Performing C++ SOURCE FILE Test check_cxx_compiler_flag_-march_penryn failed with the following output:
Change Dir: /home/elgabart/cloned/spindynamics/CMakeFiles/CMakeTmp

Run Build Command:/usr/bin/make "cmTryCompileExec/fast"
/usr/bin/make -f CMakeFiles/cmTryCompileExec.dir/build.make CMakeFiles/cmTryCompileExec.dir/build
make[1]: Entering directory `/home/elgabart/cloned/spindynamics/CMakeFiles/CMakeTmp'
/usr/bin/cmake -E cmake_progress_report /home/elgabart/cloned/spindynamics/CMakeFiles/CMakeTmp/CMakeFiles 1
Building CXX object CMakeFiles/cmTryCompileExec.dir/src.cxx.o
/usr/bin/c++    -Wall -O2 -DEIGEN_NO_DEBUG -DEIGEN_FFTW_DEFAULT  -Dcheck_cxx_compiler_flag_-march_penryn   -march=penryn -o CMakeFiles/cmTryCompileExec.dir/src.cxx.o -c /home/elgabart/cloned/spindynamics/CMakeFiles/CMakeTmp/src.cxx
/home/elgabart/cloned/spindynamics/CMakeFiles/CMakeTmp/src.cxx:1: error: bad value (penryn) for -march= switch
/home/elgabart/cloned/spindynamics/CMakeFiles/CMakeTmp/src.cxx:1: error: bad value (penryn) for -mtune= switch
make[1]: *** [CMakeFiles/cmTryCompileExec.dir/src.cxx.o] Error 1
make[1]: Leaving directory `/home/elgabart/cloned/spindynamics/CMakeFiles/CMakeTmp'
make: *** [cmTryCompileExec/fast] Error 2

Source file was:
int main() { return 0;}
